Traceback (most recent call last):
  File "ActionMonitor.py", line 4, in <module>
    import Config
  File "/home/weihong/backendFrame/webpy/Config.py", line 4, in <module>
    import redis
ImportError: No module named redis
Traceback (most recent call last):
  File "ActionMonitor.py", line 4, in <module>
    import Config
  File "/home/weihong/backendFrame/webpy/Config.py", line 4, in <module>
    import redis
ImportError: No module named redis
Traceback (most recent call last):
  File "ActionMonitor.py", line 4, in <module>
    import Config
  File "/home/weihong/backendFrame/webpy/Config.py", line 4, in <module>
    import redis
ImportError: No module named redis
Traceback (most recent call last):
  File "ActionMonitor.py", line 4, in <module>
    import Config
  File "/home/weihong/backendFrame/webpy/Config.py", line 4, in <module>
    import redis
ImportError: No module named redis
Traceback (most recent call last):
  File "ActionMonitor.py", line 4, in <module>
    import Config
  File "/home/weihong/backendFrame/webpy/Config.py", line 4, in <module>
    import redis
ImportError: No module named redis
Traceback (most recent call last):
  File "ActionMonitor.py", line 4, in <module>
    import Config
  File "/home/weihong/backendFrame/webpy/Config.py", line 4, in <module>
    import redis
ImportError: No module named redis
Traceback (most recent call last):
  File "ActionMonitor.py", line 4, in <module>
    import Config
  File "/home/weihong/backendFrame/webpy/Config.py", line 4, in <module>
    import redis
ImportError: No module named redis
Traceback (most recent call last):
  File "ActionMonitor.py", line 4, in <module>
    import Config
  File "/home/weihong/backendFrame/webpy/Config.py", line 4, in <module>
    import redis
ImportError: No module named redis
Traceback (most recent call last):
  File "ActionMonitor.py", line 4, in <module>
    import Config
  File "/home/weihong/backendFrame/webpy/Config.py", line 4, in <module>
    import redis
ImportError: No module named redis
Traceback (most recent call last):
  File "ActionMonitor.py", line 4, in <module>
    import Config
  File "/home/weihong/backendFrame/webpy/Config.py", line 4, in <module>
    import redis
ImportError: No module named redis
Traceback (most recent call last):
  File "ActionMonitor.py", line 4, in <module>
    import Config
  File "/home/weihong/backendFrame/webpy/Config.py", line 4, in <module>
    import redis
ImportError: No module named redis
Traceback (most recent call last):
  File "ActionMonitor.py", line 4, in <module>
    import Config
  File "/home/weihong/backendFrame/webpy/Config.py", line 4, in <module>
    import redis
ImportError: No module named redis
Traceback (most recent call last):
  File "ActionMonitor.py", line 4, in <module>
    import Config
  File "/home/weihong/backendFrame/webpy/Config.py", line 4, in <module>
    import redis
ImportError: No module named redis
Traceback (most recent call last):
  File "ActionMonitor.py", line 4, in <module>
    import Config
  File "/home/weihong/backendFrame/webpy/Config.py", line 4, in <module>
    import redis
ImportError: No module named redis
Traceback (most recent call last):
  File "ActionMonitor.py", line 4, in <module>
    import Config
  File "/home/weihong/backendFrame/webpy/Config.py", line 4, in <module>
    import redis
ImportError: No module named redis
Traceback (most recent call last):
  File "ActionMonitor.py", line 4, in <module>
    import Config
  File "/home/weihong/backendFrame/webpy/Config.py", line 4, in <module>
    import redis
ImportError: No module named redis
Traceback (most recent call last):
  File "ActionMonitor.py", line 4, in <module>
    import Config
  File "/home/weihong/backendFrame/webpy/Config.py", line 4, in <module>
    import redis
ImportError: No module named redis
Traceback (most recent call last):
  File "ActionMonitor.py", line 4, in <module>
    import Config
  File "/home/weihong/backendFrame/webpy/Config.py", line 4, in <module>
    import redis
ImportError: No module named redis
Traceback (most recent call last):
  File "ActionMonitor.py", line 4, in <module>
    import Config
  File "/home/weihong/backendFrame/webpy/Config.py", line 4, in <module>
    import redis
ImportError: No module named redis
Traceback (most recent call last):
  File "ActionMonitor.py", line 4, in <module>
    import Config
  File "/home/weihong/backendFrame/webpy/Config.py", line 4, in <module>
    import redis
ImportError: No module named redis
Traceback (most recent call last):
  File "ActionMonitor.py", line 4, in <module>
    import Config
  File "/home/weihong/backendFrame/webpy/Config.py", line 4, in <module>
    import redis
ImportError: No module named redis
