TaskMonitor strKey KEY_ACTION_TASK_LIST
TaskMonitor msgId 1
TaskMonitor strKey KEY_TASK_19903236281_2024_08_29
count 18
state 2
total 1
TaskMonitor strKey KEY_TASK_19903236281_2024_08_26
count 18
state 2
total 7
TaskMonitor strKey KEY_ACTION_TASK_LIST
TaskMonitor msgId 1
TaskMonitor strKey KEY_TASK_19903236281_2024_08_29
count 1
state 1
total 1
TaskMonitor stateField STATE_FINISH
TaskMonitor strKey KEY_TASK_19903236281_2024_08_26
count 1
state 1
total 7
TaskMonitor strKey KEY_ACTION_TASK_LIST
TaskMonitor msgId 1
TaskMonitor strKey KEY_TASK_19903236281_2024_08_29
count 2
state 3
total 1
TaskMonitor strKey KEY_TASK_19903236281_2024_08_26
count 2
state 1
total 7
TaskMonitor strKey KEY_ACTION_TASK_LIST
TaskMonitor msgId 1
TaskMonitor strKey KEY_TASK_19903236281_2024_08_29
count 3
state 3
total 1
TaskMonitor strKey KEY_TASK_19903236281_2024_08_26
count 3
state 1
total 7
TaskMonitor strKey KEY_ACTION_TASK_LIST
TaskMonitor msgId 1
TaskMonitor strKey KEY_TASK_19903236281_2024_08_29
count 4
state 3
total 1
TaskMonitor strKey KEY_TASK_19903236281_2024_08_26
count 4
state 1
total 7
TaskMonitor strKey KEY_ACTION_TASK_LIST
TaskMonitor msgId 1
TaskMonitor strKey KEY_TASK_19903236281_2024_08_29
count 5
state 3
total 1
TaskMonitor strKey KEY_TASK_19903236281_2024_08_26
count 5
state 1
total 7
TaskMonitor strKey KEY_ACTION_TASK_LIST
TaskMonitor msgId 1
TaskMonitor strKey KEY_TASK_19903236281_2024_08_29
count 6
state 3
total 1
TaskMonitor strKey KEY_TASK_19903236281_2024_08_26
count 6
state 1
total 7
TaskMonitor strKey KEY_ACTION_TASK_LIST
TaskMonitor msgId 1
TaskMonitor strKey KEY_TASK_19903236281_2024_08_29
count 7
state 3
total 1
TaskMonitor strKey KEY_TASK_19903236281_2024_08_26
count 7
state 1
total 7
TaskMonitor stateField STATE_FINISH
TaskMonitor strKey KEY_ACTION_TASK_LIST
TaskMonitor msgId 1
TaskMonitor strKey KEY_TASK_19903236281_2024_08_29
count 8
state 3
total 1
TaskMonitor strKey KEY_TASK_19903236281_2024_08_26
count 8
state 2
total 7
TaskMonitor strKey KEY_ACTION_TASK_LIST
TaskMonitor msgId 1
TaskMonitor strKey KEY_TASK_19903236281_2024_08_29
count 1
state 1
total 1
TaskMonitor stateField STATE_FINISH
TaskMonitor strKey KEY_TASK_19903236281_2024_08_26
count 1
state 1
total 7
TaskMonitor strKey KEY_ACTION_TASK_LIST
TaskMonitor msgId 1
TaskMonitor strKey KEY_TASK_19903236281_2024_08_29
count 2
state 3
total 1
TaskMonitor strKey KEY_TASK_19903236281_2024_08_26
count 2
state 1
total 7
TaskMonitor strKey KEY_ACTION_TASK_LIST
TaskMonitor msgId 1
TaskMonitor strKey KEY_TASK_19903236281_2024_08_29
count 3
state 3
total 1
TaskMonitor strKey KEY_TASK_19903236281_2024_08_26
count 3
state 1
total 7
TaskMonitor strKey KEY_ACTION_TASK_LIST
TaskMonitor msgId 1
TaskMonitor strKey KEY_TASK_19903236281_2024_08_29
count 4
state 3
total 1
TaskMonitor strKey KEY_TASK_19903236281_2024_08_26
count 4
state 1
total 7
TaskMonitor strKey KEY_ACTION_TASK_LIST
TaskMonitor msgId 1
TaskMonitor strKey KEY_TASK_19903236281_2024_08_29
count 5
state 3
total 1
TaskMonitor strKey KEY_TASK_19903236281_2024_08_26
count 5
state 1
total 7
TaskMonitor strKey KEY_ACTION_TASK_LIST
TaskMonitor msgId 1
TaskMonitor strKey KEY_TASK_19903236281_2024_08_29
count 6
state 3
total 1
TaskMonitor strKey KEY_TASK_19903236281_2024_08_26
count 6
state 1
total 7
TaskMonitor strKey KEY_ACTION_TASK_LIST
TaskMonitor msgId 1
TaskMonitor strKey KEY_TASK_19903236281_2024_08_29
count 1
state 1
total 1
TaskMonitor stateField STATE_FINISH
TaskMonitor strKey KEY_TASK_19903236281_2024_08_26
count 1
state 1
total 7
TaskMonitor strKey KEY_ACTION_TASK_LIST
TaskMonitor msgId 1
TaskMonitor strKey KEY_TASK_19903236281_2024_08_29
count 2
state 3
total 1
TaskMonitor strKey KEY_TASK_19903236281_2024_08_26
count 2
state 1
total 7
TaskMonitor strKey KEY_ACTION_TASK_LIST
TaskMonitor msgId 1
TaskMonitor strKey KEY_TASK_19903236281_2024_08_29
count 3
state 3
total 1
TaskMonitor strKey KEY_TASK_19903236281_2024_08_26
count 3
state 1
total 7
TaskMonitor strKey KEY_ACTION_TASK_LIST
TaskMonitor msgId 1
TaskMonitor strKey KEY_TASK_19903236281_2024_08_29
count 4
state 3
total 1
TaskMonitor strKey KEY_TASK_19903236281_2024_08_26
count 4
state 1
total 7
TaskMonitor strKey KEY_ACTION_TASK_LIST
TaskMonitor msgId 1
TaskMonitor strKey KEY_TASK_19903236281_2024_08_29
count 1
state 1
total 1
TaskMonitor stateField STATE_FINISH
TaskMonitor strKey KEY_TASK_19903236281_2024_08_26
count 1
state 1
total 7
TaskMonitor strKey KEY_ACTION_TASK_LIST
TaskMonitor msgId 1
TaskMonitor strKey KEY_TASK_19903236281_2024_08_29
count 2
state 2
total 1
TaskMonitor strKey KEY_TASK_19903236281_2024_08_26
count 2
state 1
total 7
TaskMonitor strKey KEY_ACTION_TASK_LIST
TaskMonitor msgId 1
TaskMonitor strKey KEY_TASK_19903236281_2024_08_29
count 3
state 3
total 1
TaskMonitor strKey KEY_TASK_19903236281_2024_08_26
count 3
state 1
total 7
TaskMonitor strKey KEY_ACTION_TASK_LIST
TaskMonitor msgId 1
TaskMonitor strKey KEY_TASK_19903236281_2024_08_29
count 4
state 3
total 1
TaskMonitor strKey KEY_TASK_19903236281_2024_08_26
count 4
state 1
total 7
TaskMonitor strKey KEY_ACTION_TASK_LIST
TaskMonitor msgId 1
TaskMonitor strKey KEY_TASK_19903236281_2024_08_29
count 5
state 3
total 1
TaskMonitor strKey KEY_TASK_19903236281_2024_08_26
count 5
state 1
total 7
TaskMonitor strKey KEY_ACTION_TASK_LIST
TaskMonitor msgId 1
TaskMonitor strKey KEY_TASK_19903236281_2024_08_29
count 6
state 3
total 1
TaskMonitor strKey KEY_TASK_19903236281_2024_08_26
count 6
state 1
total 7
TaskMonitor strKey KEY_ACTION_TASK_LIST
TaskMonitor msgId 1
TaskMonitor strKey KEY_TASK_19903236281_2024_08_29
count 7
state 3
total 1
TaskMonitor strKey KEY_TASK_19903236281_2024_08_26
count 7
state 1
total 7
TaskMonitor stateField STATE_FINISH
TaskMonitor strKey KEY_ACTION_TASK_LIST
TaskMonitor msgId 1
TaskMonitor strKey KEY_TASK_19903236281_2024_08_29
count 8
state 3
total 1
TaskMonitor strKey KEY_TASK_19903236281_2024_08_26
count 8
state 2
total 7
TaskMonitor strKey KEY_ACTION_TASK_LIST
TaskMonitor msgId 1
TaskMonitor strKey KEY_TASK_19903236281_2024_08_29
count 9
state 3
total 1
TaskMonitor strKey KEY_TASK_19903236281_2024_08_26
count 9
state 2
total 7
TaskMonitor strKey KEY_ACTION_TASK_LIST
TaskMonitor msgId 1
TaskMonitor strKey KEY_TASK_19903236281_2024_08_29
count 10
state 3
total 1
TaskMonitor strKey KEY_TASK_19903236281_2024_08_26
count 10
state 2
total 7
TaskMonitor strKey KEY_ACTION_TASK_LIST
TaskMonitor msgId 1
TaskMonitor strKey KEY_TASK_19903236281_2024_08_29
count 11
state 3
total 1
TaskMonitor strKey KEY_TASK_19903236281_2024_08_26
count 11
state 2
total 7
TaskMonitor strKey KEY_ACTION_TASK_LIST
TaskMonitor msgId 1
TaskMonitor strKey KEY_TASK_19903236281_2024_08_29
count 12
state 3
total 1
TaskMonitor strKey KEY_TASK_19903236281_2024_08_26
count 12
state 2
total 7
TaskMonitor strKey KEY_ACTION_TASK_LIST
TaskMonitor msgId 1
TaskMonitor strKey KEY_TASK_19903236281_2024_08_29
count 13
state 3
total 1
TaskMonitor strKey KEY_TASK_19903236281_2024_08_26
count 13
state 2
total 7
TaskMonitor strKey KEY_ACTION_TASK_LIST
TaskMonitor msgId 1
TaskMonitor strKey KEY_TASK_19903236281_2024_08_29
count 14
state 3
total 1
TaskMonitor strKey KEY_TASK_19903236281_2024_08_26
count 14
state 2
total 7
TaskMonitor strKey KEY_ACTION_TASK_LIST
TaskMonitor msgId 1
TaskMonitor strKey KEY_TASK_19903236281_2024_08_29
count 15
state 3
total 1
TaskMonitor strKey KEY_TASK_19903236281_2024_08_26
count 15
state 2
total 7
TaskMonitor strKey KEY_ACTION_TASK_LIST
